<?xml version="1.0" encoding="UTF-8"?><testsuite errors="1" failures="0" name="Academy Choucair" skipped="0" tests="1" time="2.05" timestamp="2021-02-27 02:31:17"><testcase name="Search for a automation course"><error message="Arity mismatch: Step Definition 'co.com.choucair.certification.proyectobase.stepdefinitions.ChoucairAcademyStepDefinitions.thanDannyWantsToLearnAutomationAtTheAcademyChoucair(AcademyChoucairData&gt;) in file:/E:/Documents/co.com.choucair.certification.proyectobase/build/classes/java/test/' with pattern [^than Danny wants to learn automation at the Academy Choucair$] is declared with 1 parameters. However, the gherkin step has 0 arguments []. &#10;Step text: than Danny wants to learn automation at the Academy Choucair" type="cucumber.runtime.CucumberException">Arity mismatch: Step Definition 'co.com.choucair.certification.proyectobase.stepdefinitions.ChoucairAcademyStepDefinitions.thanDannyWantsToLearnAutomationAtTheAcademyChoucair(AcademyChoucairData&gt;) in file:/E:/Documents/co.com.choucair.certification.proyectobase/build/classes/java/test/' with pattern [^than Danny wants to learn automation at the Academy Choucair$] is declared with 1 parameters. However, the gherkin step has 0 arguments []. 
Step text: than Danny wants to learn automation at the Academy Choucair</error><system-err>Arity mismatch: Step Definition 'co.com.choucair.certification.proyectobase.stepdefinitions.ChoucairAcademyStepDefinitions.thanDannyWantsToLearnAutomationAtTheAcademyChoucair(AcademyChoucairData&gt;) in file:/E:/Documents/co.com.choucair.certification.proyectobase/build/classes/java/test/' with pattern [^than Danny wants to learn automation at the Academy Choucair$] is declared with 1 parameters. However, the gherkin step has 0 arguments []. 
Step text: than Danny wants to learn automation at the Academy Choucair&#13;
cucumber.runner.Runner.runPickle(Runner.java:80)&#13;
</system-err></testcase></testsuite>